<?xml version="1.0" encoding="UTF-8"?>
<testsuite name="com.kul.MainTest" tests="1" skipped="0" failures="0" errors="0" timestamp="2020-03-06T18:55:57" hostname="MbpMarek.local" time="0.015">
  <properties/>
  <testcase name="test()" classname="com.kul.MainTest" time="0.015"/>
  <system-out><![CDATA[]]></system-out>
  <system-err><![CDATA[]]></system-err>
</testsuite>
